0 info it worked if it ends with ok
1 verbose cli [ '/Users/hector/.nodenv/versions/7.7.0/bin/node',
1 verbose cli   '/Users/hector/.nodenv/versions/7.7.0/bin/npm',
1 verbose cli   'start' ]
2 info using npm@4.1.2
3 info using node@v7.7.0
4 verbose run-script [ 'prestart', 'start', 'poststart' ]
5 info lifecycle TaigaIO@4.2.12~prestart: TaigaIO@4.2.12
6 silly lifecycle TaigaIO@4.2.12~prestart: no script for prestart, continuing
7 info lifecycle TaigaIO@4.2.12~start: TaigaIO@4.2.12
8 verbose lifecycle TaigaIO@4.2.12~start: unsafe-perm in lifecycle true
9 verbose lifecycle TaigaIO@4.2.12~start: PATH: /Users/hector/.nodenv/versions/7.7.0/lib/node_modules/npm/bin/node-gyp-bin:/Users/hector/Proyectos/Taiga/taiga-front/node_modules/.bin:/Users/hector/.nodenv/versions/7.7.0/bin:/usr/local/Cellar/nodenv/1.3.1/libexec:/Users/hector/.gem/ruby/2.6.0/bin:/Users/hector/.pyenv/shims:/Users/hector/.pyenv/bin:/Users/hector/.local/bin:/Users/hector/.nodenv/shims:/Users/hector/drivers/:/Library/Frameworks/Python.framework/Versions/3.7/bin:/Library/Frameworks/Python.framework/Versions/3.6/bin:/Library/Frameworks/Python.framework/Versions/3.4/bin:/Library/Frameworks/Python.framework/Versions/3.5/bin:/usr/local/bin:/usr/bin:/bin:/usr/sbin:/sbin:/opt/X11/bin:/Library/Frameworks/Mono.framework/Versions/Current/Commands:/Applications/Postgres.app/Contents/Versions/latest/bin:/usr/local/opt/rabbitmq/sbin
10 verbose lifecycle TaigaIO@4.2.12~start: CWD: /Users/hector/Proyectos/Taiga/taiga-front
11 silly lifecycle TaigaIO@4.2.12~start: Args: [ '-c', 'npx gulp' ]
12 info lifecycle TaigaIO@4.2.12~start: Failed to exec start script
13 verbose stack Error: TaigaIO@4.2.12 start: `npx gulp`
13 verbose stack spawn ENOENT
13 verbose stack     at ChildProcess.<anonymous> (/Users/hector/.nodenv/versions/7.7.0/lib/node_modules/npm/lib/utils/spawn.js:33:16)
13 verbose stack     at emitTwo (events.js:106:13)
13 verbose stack     at ChildProcess.emit (events.js:194:7)
13 verbose stack     at maybeClose (internal/child_process.js:899:16)
13 verbose stack     at Process.ChildProcess._handle.onexit (internal/child_process.js:226:5)
14 verbose pkgid TaigaIO@4.2.12
15 verbose cwd /Users/hector/Proyectos/Taiga/taiga-front
16 error Darwin 19.4.0
17 error argv "/Users/hector/.nodenv/versions/7.7.0/bin/node" "/Users/hector/.nodenv/versions/7.7.0/bin/npm" "start"
18 error node v7.7.0
19 error npm  v4.1.2
20 error file sh
21 error code ELIFECYCLE
22 error errno ENOENT
23 error syscall spawn
24 error TaigaIO@4.2.12 start: `npx gulp`
24 error spawn ENOENT
25 error Failed at the TaigaIO@4.2.12 start script 'npx gulp'.
25 error Make sure you have the latest version of node.js and npm installed.
25 error If you do, this is most likely a problem with the TaigaIO package,
25 error not with npm itself.
25 error Tell the author that this fails on your system:
25 error     npx gulp
25 error You can get information on how to open an issue for this project with:
25 error     npm bugs TaigaIO
25 error Or if that isn't available, you can get their info via:
25 error     npm owner ls TaigaIO
25 error There is likely additional logging output above.
26 verbose exit [ 1, true ]
